  MarvinCommand.cpp
C:\Users\chuqi.liu\Documents\GitHub\CRC2E-TestEnv\anokiwave-gui\marvin_code\marvin_test01\marvin_test01\MarvinCommand.h(3,18): error C4430: missing type specifier - int assumed. Note: C++ does not support default-int
C:\Users\chuqi.liu\Documents\GitHub\CRC2E-TestEnv\anokiwave-gui\marvin_code\marvin_test01\marvin_test01\MarvinCommand.h(3,7): error C2146: syntax error: missing ';' before identifier 'CheckStatus'
C:\Users\chuqi.liu\Documents\GitHub\CRC2E-TestEnv\anokiwave-gui\marvin_code\marvin_test01\marvin_test01\MarvinCommand.h(4,22): error C2146: syntax error: missing ')' before identifier 'nSlotNum'
C:\Users\chuqi.liu\Documents\GitHub\CRC2E-TestEnv\anokiwave-gui\marvin_code\marvin_test01\marvin_test01\GTDIO.h(27,25): error C2378: 'SHORT': redefinition; symbol cannot be overloaded with a typedef
C:\Users\chuqi.liu\Documents\GitHub\CRC2E-TestEnv\anokiwave-gui\marvin_code\marvin_test01\marvin_test01\MarvinCommand.h(3): message : see declaration of 'SHORT'
C:\Users\chuqi.liu\Documents\GitHub\CRC2E-TestEnv\anokiwave-gui\marvin_code\marvin_test01\marvin_test01\GTDIO.h(42,15): error C2143: syntax error: missing ';' before '*'
C:\Users\chuqi.liu\Documents\GitHub\CRC2E-TestEnv\anokiwave-gui\marvin_code\marvin_test01\marvin_test01\GTDIO.h(42,15): error C4430: missing type specifier - int assumed. Note: C++ does not support default-int
C:\Users\chuqi.liu\Documents\GitHub\CRC2E-TestEnv\anokiwave-gui\marvin_code\marvin_test01\marvin_test01\GTDIO.h(42,15): error C2378: 'SHORT': redefinition; symbol cannot be overloaded with a typedef
C:\Users\chuqi.liu\Documents\GitHub\CRC2E-TestEnv\anokiwave-gui\marvin_code\marvin_test01\marvin_test01\MarvinCommand.h(3): message : see declaration of 'SHORT'
C:\Users\chuqi.liu\Documents\GitHub\CRC2E-TestEnv\anokiwave-gui\marvin_code\marvin_test01\marvin_test01\GTDIO.h(42,27): error C4430: missing type specifier - int assumed. Note: C++ does not support default-int
C:\Users\chuqi.liu\Documents\GitHub\CRC2E-TestEnv\anokiwave-gui\marvin_code\marvin_test01\marvin_test01\GTDIO.h(230,33): error C2146: syntax error: missing ')' before identifier 'nMaster'
C:\Users\chuqi.liu\Documents\GitHub\CRC2E-TestEnv\anokiwave-gui\marvin_code\marvin_test01\marvin_test01\GTDIO.h(231,42): error C2146: syntax error: missing ')' before identifier 'nMaster'
C:\Users\chuqi.liu\Documents\GitHub\CRC2E-TestEnv\anokiwave-gui\marvin_code\marvin_test01\marvin_test01\GTDIO.h(232,46): error C2146: syntax error: missing ')' before identifier 'nMaster'
C:\Users\chuqi.liu\Documents\GitHub\CRC2E-TestEnv\anokiwave-gui\marvin_code\marvin_test01\marvin_test01\GTDIO.h(234,46): error C2146: syntax error: missing ')' before identifier 'nHandle'
C:\Users\chuqi.liu\Documents\GitHub\CRC2E-TestEnv\anokiwave-gui\marvin_code\marvin_test01\marvin_test01\GTDIO.h(236,45): error C2061: syntax error: identifier 'SHORT'
C:\Users\chuqi.liu\Documents\GitHub\CRC2E-TestEnv\anokiwave-gui\marvin_code\marvin_test01\marvin_test01\GTDIO.h(238,31): error C2146: syntax error: missing ')' before identifier 'pnHandle'
C:\Users\chuqi.liu\Documents\GitHub\CRC2E-TestEnv\anokiwave-gui\marvin_code\marvin_test01\marvin_test01\GTDIO.h(241,38): error C2146: syntax error: missing ')' before identifier 'nHandle'
C:\Users\chuqi.liu\Documents\GitHub\CRC2E-TestEnv\anokiwave-gui\marvin_code\marvin_test01\marvin_test01\GTDIO.h(242,57): error C2061: syntax error: identifier 'SHORT'
C:\Users\chuqi.liu\Documents\GitHub\CRC2E-TestEnv\anokiwave-gui\marvin_code\marvin_test01\marvin_test01\GTDIO.h(243,37): error C2146: syntax error: missing ')' before identifier 'nError'
C:\Users\chuqi.liu\Documents\GitHub\CRC2E-TestEnv\anokiwave-gui\marvin_code\marvin_test01\marvin_test01\GTDIO.h(244,37): error C2146: syntax error: missing ')' before identifier 'nMasterHandle'
C:\Users\chuqi.liu\Documents\GitHub\CRC2E-TestEnv\anokiwave-gui\marvin_code\marvin_test01\marvin_test01\GTDIO.h(245,36): error C2146: syntax error: missing ')' before identifier 'nHandle'
C:\Users\chuqi.liu\Documents\GitHub\CRC2E-TestEnv\anokiwave-gui\marvin_code\marvin_test01\marvin_test01\GTDIO.h(246,41): error C2146: syntax error: missing ')' before identifier 'nHandle'
C:\Users\chuqi.liu\Documents\GitHub\CRC2E-TestEnv\anokiwave-gui\marvin_code\marvin_test01\marvin_test01\GTDIO.h(249,41): error C2146: syntax error: missing ')' before identifier 'nMasterHandle'
C:\Users\chuqi.liu\Documents\GitHub\CRC2E-TestEnv\anokiwave-gui\marvin_code\marvin_test01\marvin_test01\GTDIO.h(250,42): error C2146: syntax error: missing ')' before identifier 'nMasterHandle'
C:\Users\chuqi.liu\Documents\GitHub\CRC2E-TestEnv\anokiwave-gui\marvin_code\marvin_test01\marvin_test01\GTDIO.h(251,43): error C2146: syntax error: missing ')' before identifier 'nMasterHandle'
C:\Users\chuqi.liu\Documents\GitHub\CRC2E-TestEnv\anokiwave-gui\marvin_code\marvin_test01\marvin_test01\GTDIO.h(252,48): error C2146: syntax error: missing ')' before identifier 'nMasterHandle'
C:\Users\chuqi.liu\Documents\GitHub\CRC2E-TestEnv\anokiwave-gui\marvin_code\marvin_test01\marvin_test01\GTDIO.h(253,51): error C2146: syntax error: missing ')' before identifier 'nMasterHandle'
C:\Users\chuqi.liu\Documents\GitHub\CRC2E-TestEnv\anokiwave-gui\marvin_code\marvin_test01\marvin_test01\GTDIO.h(254,37): error C2146: syntax error: missing ')' before identifier 'nMasterHandle'
C:\Users\chuqi.liu\Documents\GitHub\CRC2E-TestEnv\anokiwave-gui\marvin_code\marvin_test01\marvin_test01\GTDIO.h(255,55): error C2146: syntax error: missing ')' before identifier 'nHandle'
C:\Users\chuqi.liu\Documents\GitHub\CRC2E-TestEnv\anokiwave-gui\marvin_code\marvin_test01\marvin_test01\GTDIO.h(256,44): error C2146: syntax error: missing ')' before identifier 'nHandle'
C:\Users\chuqi.liu\Documents\GitHub\CRC2E-TestEnv\anokiwave-gui\marvin_code\marvin_test01\marvin_test01\GTDIO.h(257,37): error C2146: syntax error: missing ')' before identifier 'nMasterHandle'
C:\Users\chuqi.liu\Documents\GitHub\CRC2E-TestEnv\anokiwave-gui\marvin_code\marvin_test01\marvin_test01\GTDIO.h(258,52): error C2146: syntax error: missing ')' before identifier 'nMasterHandle'
C:\Users\chuqi.liu\Documents\GitHub\CRC2E-TestEnv\anokiwave-gui\marvin_code\marvin_test01\marvin_test01\GTDIO.h(259,55): error C2146: syntax error: missing ')' before identifier 'nMasterHandle'
C:\Users\chuqi.liu\Documents\GitHub\CRC2E-TestEnv\anokiwave-gui\marvin_code\marvin_test01\marvin_test01\GTDIO.h(260,40): error C2146: syntax error: missing ')' before identifier 'nHandle'
C:\Users\chuqi.liu\Documents\GitHub\CRC2E-TestEnv\anokiwave-gui\marvin_code\marvin_test01\marvin_test01\GTDIO.h(261,42): error C2146: syntax error: missing ')' before identifier 'nMasterHandle'
C:\Users\chuqi.liu\Documents\GitHub\CRC2E-TestEnv\anokiwave-gui\marvin_code\marvin_test01\marvin_test01\GTDIO.h(262,36): error C2146: syntax error: missing ')' before identifier 'nMasterHandle'
C:\Users\chuqi.liu\Documents\GitHub\CRC2E-TestEnv\anokiwave-gui\marvin_code\marvin_test01\marvin_test01\GTDIO.h(263,41): error C2146: syntax error: missing ')' before identifier 'nMasterHandle'
C:\Users\chuqi.liu\Documents\GitHub\CRC2E-TestEnv\anokiwave-gui\marvin_code\marvin_test01\marvin_test01\GTDIO.h(264,40): error C2146: syntax error: missing ')' before identifier 'nMasterHandle'
C:\Users\chuqi.liu\Documents\GitHub\CRC2E-TestEnv\anokiwave-gui\marvin_code\marvin_test01\marvin_test01\GTDIO.h(265,39): error C2146: syntax error: missing ')' before identifier 'nMaster'
C:\Users\chuqi.liu\Documents\GitHub\CRC2E-TestEnv\anokiwave-gui\marvin_code\marvin_test01\marvin_test01\GTDIO.h(266,41): error C2146: syntax error: missing ')' before identifier 'nMaster'
C:\Users\chuqi.liu\Documents\GitHub\CRC2E-TestEnv\anokiwave-gui\marvin_code\marvin_test01\marvin_test01\GTDIO.h(267,41): error C2146: syntax error: missing ')' before identifier 'nMaster'
C:\Users\chuqi.liu\Documents\GitHub\CRC2E-TestEnv\anokiwave-gui\marvin_code\marvin_test01\marvin_test01\GTDIO.h(268,41): error C2146: syntax error: missing ')' before identifier 'nMaster'
C:\Users\chuqi.liu\Documents\GitHub\CRC2E-TestEnv\anokiwave-gui\marvin_code\marvin_test01\marvin_test01\GTDIO.h(269,47): error C2146: syntax error: missing ')' before identifier 'nMasterHandle'
C:\Users\chuqi.liu\Documents\GitHub\CRC2E-TestEnv\anokiwave-gui\marvin_code\marvin_test01\marvin_test01\GTDIO.h(272,39): error C2146: syntax error: missing ')' before identifier 'nMasterHandle'
C:\Users\chuqi.liu\Documents\GitHub\CRC2E-TestEnv\anokiwave-gui\marvin_code\marvin_test01\marvin_test01\GTDIO.h(273,40): error C2146: syntax error: missing ')' before identifier 'nMasterHandle'
C:\Users\chuqi.liu\Documents\GitHub\CRC2E-TestEnv\anokiwave-gui\marvin_code\marvin_test01\marvin_test01\GTDIO.h(274,41): error C2146: syntax error: missing ')' before identifier 'nMasterHandle'
C:\Users\chuqi.liu\Documents\GitHub\CRC2E-TestEnv\anokiwave-gui\marvin_code\marvin_test01\marvin_test01\GTDIO.h(275,46): error C2146: syntax error: missing ')' before identifier 'nMasterHandle'
C:\Users\chuqi.liu\Documents\GitHub\CRC2E-TestEnv\anokiwave-gui\marvin_code\marvin_test01\marvin_test01\GTDIO.h(276,46): error C2146: syntax error: missing ')' before identifier 'nMasterHandle'
C:\Users\chuqi.liu\Documents\GitHub\CRC2E-TestEnv\anokiwave-gui\marvin_code\marvin_test01\marvin_test01\GTDIO.h(277,50): error C2146: syntax error: missing ')' before identifier 'nMasterHandle'
C:\Users\chuqi.liu\Documents\GitHub\CRC2E-TestEnv\anokiwave-gui\marvin_code\marvin_test01\marvin_test01\GTDIO.h(278,53): error C2146: syntax error: missing ')' before identifier 'nMasterHandle'
C:\Users\chuqi.liu\Documents\GitHub\CRC2E-TestEnv\anokiwave-gui\marvin_code\marvin_test01\marvin_test01\GTDIO.h(279,49): error C2146: syntax error: missing ')' before identifier 'nMasterHandle'
C:\Users\chuqi.liu\Documents\GitHub\CRC2E-TestEnv\anokiwave-gui\marvin_code\marvin_test01\marvin_test01\GTDIO.h(280,35): error C2146: syntax error: missing ')' before identifier 'nMasterHandle'
C:\Users\chuqi.liu\Documents\GitHub\CRC2E-TestEnv\anokiwave-gui\marvin_code\marvin_test01\marvin_test01\GTDIO.h(281,53): error C2146: syntax error: missing ')' before identifier 'nHandle'
C:\Users\chuqi.liu\Documents\GitHub\CRC2E-TestEnv\anokiwave-gui\marvin_code\marvin_test01\marvin_test01\GTDIO.h(282,42): error C2146: syntax error: missing ')' before identifier 'nHandle'
C:\Users\chuqi.liu\Documents\GitHub\CRC2E-TestEnv\anokiwave-gui\marvin_code\marvin_test01\marvin_test01\GTDIO.h(283,37): error C2146: syntax error: missing ')' before identifier 'nMasterHandle'
C:\Users\chuqi.liu\Documents\GitHub\CRC2E-TestEnv\anokiwave-gui\marvin_code\marvin_test01\marvin_test01\GTDIO.h(284,40): error C2146: syntax error: missing ')' before identifier 'nHandle'
C:\Users\chuqi.liu\Documents\GitHub\CRC2E-TestEnv\anokiwave-gui\marvin_code\marvin_test01\marvin_test01\GTDIO.h(285,39): error C2146: syntax error: missing ')' before identifier 'nHandle'
C:\Users\chuqi.liu\Documents\GitHub\CRC2E-TestEnv\anokiwave-gui\marvin_code\marvin_test01\marvin_test01\GTDIO.h(286,37): error C2146: syntax error: missing ')' before identifier 'nHandle'
C:\Users\chuqi.liu\Documents\GitHub\CRC2E-TestEnv\anokiwave-gui\marvin_code\marvin_test01\marvin_test01\GTDIO.h(287,42): error C2146: syntax error: missing ')' before identifier 'nMasterHandle'
C:\Users\chuqi.liu\Documents\GitHub\CRC2E-TestEnv\anokiwave-gui\marvin_code\marvin_test01\marvin_test01\GTDIO.h(288,36): error C2146: syntax error: missing ')' before identifier 'nMasterHandle'
C:\Users\chuqi.liu\Documents\GitHub\CRC2E-TestEnv\anokiwave-gui\marvin_code\marvin_test01\marvin_test01\GTDIO.h(289,39): error C2146: syntax error: missing ')' before identifier 'nMasterHandle'
C:\Users\chuqi.liu\Documents\GitHub\CRC2E-TestEnv\anokiwave-gui\marvin_code\marvin_test01\marvin_test01\GTDIO.h(290,37): error C2146: syntax error: missing ')' before identifier 'nMasterHandle'
C:\Users\chuqi.liu\Documents\GitHub\CRC2E-TestEnv\anokiwave-gui\marvin_code\marvin_test01\marvin_test01\GTDIO.h(291,38): error C2146: syntax error: missing ')' before identifier 'nMasterHandle'
C:\Users\chuqi.liu\Documents\GitHub\CRC2E-TestEnv\anokiwave-gui\marvin_code\marvin_test01\marvin_test01\GTDIO.h(292,37): error C2146: syntax error: missing ')' before identifier 'nMaster'
C:\Users\chuqi.liu\Documents\GitHub\CRC2E-TestEnv\anokiwave-gui\marvin_code\marvin_test01\marvin_test01\GTDIO.h(293,39): error C2146: syntax error: missing ')' before identifier 'nMasterHandle'
C:\Users\chuqi.liu\Documents\GitHub\CRC2E-TestEnv\anokiwave-gui\marvin_code\marvin_test01\marvin_test01\GTDIO.h(294,39): error C2146: syntax error: missing ')' before identifier 'nMasterHandle'
C:\Users\chuqi.liu\Documents\GitHub\CRC2E-TestEnv\anokiwave-gui\marvin_code\marvin_test01\marvin_test01\GTDIO.h(295,39): error C2146: syntax error: missing ')' before identifier 'nMasterHandle'
C:\Users\chuqi.liu\Documents\GitHub\CRC2E-TestEnv\anokiwave-gui\marvin_code\marvin_test01\marvin_test01\GTDIO.h(296,45): error C2146: syntax error: missing ')' before identifier 'nMasterHandle'
C:\Users\chuqi.liu\Documents\GitHub\CRC2E-TestEnv\anokiwave-gui\marvin_code\marvin_test01\marvin_test01\GTDIO.h(299,26): error C2146: syntax error: missing ')' before identifier 'nMasterHandle'
C:\Users\chuqi.liu\Documents\GitHub\CRC2E-TestEnv\anokiwave-gui\marvin_code\marvin_test01\marvin_test01\GTDIO.h(300,27): error C2146: syntax error: missing ')' before identifier 'nMasterHandle'
C:\Users\chuqi.liu\Documents\GitHub\CRC2E-TestEnv\anokiwave-gui\marvin_code\marvin_test01\marvin_test01\GTDIO.h(301,28): error C2146: syntax error: missing ')' before identifier 'nMasterHandle'
C:\Users\chuqi.liu\Documents\GitHub\CRC2E-TestEnv\anokiwave-gui\marvin_code\marvin_test01\marvin_test01\GTDIO.h(302,28): error C2146: syntax error: missing ')' before identifier 'nMaster'
C:\Users\chuqi.liu\Documents\GitHub\CRC2E-TestEnv\anokiwave-gui\marvin_code\marvin_test01\marvin_test01\GTDIO.h(303,27): error C2146: syntax error: missing ')' before identifier 'nMasterHandle'
C:\Users\chuqi.liu\Documents\GitHub\CRC2E-TestEnv\anokiwave-gui\marvin_code\marvin_test01\marvin_test01\GTDIO.h(304,27): error C2146: syntax error: missing ')' before identifier 'nMasterHandle'
C:\Users\chuqi.liu\Documents\GitHub\CRC2E-TestEnv\anokiwave-gui\marvin_code\marvin_test01\marvin_test01\GTDIO.h(307,37): error C2146: syntax error: missing ')' before identifier 'nHandle'
C:\Users\chuqi.liu\Documents\GitHub\CRC2E-TestEnv\anokiwave-gui\marvin_code\marvin_test01\marvin_test01\GTDIO.h(308,38): error C2146: syntax error: missing ')' before identifier 'nHandle'
C:\Users\chuqi.liu\Documents\GitHub\CRC2E-TestEnv\anokiwave-gui\marvin_code\marvin_test01\marvin_test01\GTDIO.h(311,42): error C2146: syntax error: missing ')' before identifier 'nHandle'
C:\Users\chuqi.liu\Documents\GitHub\CRC2E-TestEnv\anokiwave-gui\marvin_code\marvin_test01\marvin_test01\GTDIO.h(312,43): error C2146: syntax error: missing ')' before identifier 'nHandle'
C:\Users\chuqi.liu\Documents\GitHub\CRC2E-TestEnv\anokiwave-gui\marvin_code\marvin_test01\marvin_test01\GTDIO.h(315,35): error C2146: syntax error: missing ')' before identifier 'nHandle'
C:\Users\chuqi.liu\Documents\GitHub\CRC2E-TestEnv\anokiwave-gui\marvin_code\marvin_test01\marvin_test01\GTDIO.h(316,36): error C2146: syntax error: missing ')' before identifier 'nHandle'
C:\Users\chuqi.liu\Documents\GitHub\CRC2E-TestEnv\anokiwave-gui\marvin_code\marvin_test01\marvin_test01\GTDIO.h(319,35): error C2146: syntax error: missing ')' before identifier 'nHandle'
C:\Users\chuqi.liu\Documents\GitHub\CRC2E-TestEnv\anokiwave-gui\marvin_code\marvin_test01\marvin_test01\GTDIO.h(320,36): error C2146: syntax error: missing ')' before identifier 'nHandle'
C:\Users\chuqi.liu\Documents\GitHub\CRC2E-TestEnv\anokiwave-gui\marvin_code\marvin_test01\marvin_test01\GTDIO.h(323,36): error C2146: syntax error: missing ')' before identifier 'nHandle'
C:\Users\chuqi.liu\Documents\GitHub\CRC2E-TestEnv\anokiwave-gui\marvin_code\marvin_test01\marvin_test01\GTDIO.h(324,37): error C2146: syntax error: missing ')' before identifier 'nHandle'
C:\Users\chuqi.liu\Documents\GitHub\CRC2E-TestEnv\anokiwave-gui\marvin_code\marvin_test01\marvin_test01\GTDIO.h(327,42): error C2146: syntax error: missing ')' before identifier 'nHandle'
C:\Users\chuqi.liu\Documents\GitHub\CRC2E-TestEnv\anokiwave-gui\marvin_code\marvin_test01\marvin_test01\GTDIO.h(328,43): error C2146: syntax error: missing ')' before identifier 'nHandle'
C:\Users\chuqi.liu\Documents\GitHub\CRC2E-TestEnv\anokiwave-gui\marvin_code\marvin_test01\marvin_test01\GTDIO.h(331,41): error C2146: syntax error: missing ')' before identifier 'nMasterHandle'
C:\Users\chuqi.liu\Documents\GitHub\CRC2E-TestEnv\anokiwave-gui\marvin_code\marvin_test01\marvin_test01\GTDIO.h(332,42): error C2146: syntax error: missing ')' before identifier 'nMasterHandle'
C:\Users\chuqi.liu\Documents\GitHub\CRC2E-TestEnv\anokiwave-gui\marvin_code\marvin_test01\marvin_test01\GTDIO.h(335,38): error C2146: syntax error: missing ')' before identifier 'nHandle'
C:\Users\chuqi.liu\Documents\GitHub\CRC2E-TestEnv\anokiwave-gui\marvin_code\marvin_test01\marvin_test01\GTDIO.h(336,39): error C2146: syntax error: missing ')' before identifier 'nHandle'
C:\Users\chuqi.liu\Documents\GitHub\CRC2E-TestEnv\anokiwave-gui\marvin_code\marvin_test01\marvin_test01\GTDIO.h(339,44): error C2146: syntax error: missing ')' before identifier 'nMasterHandle'
C:\Users\chuqi.liu\Documents\GitHub\CRC2E-TestEnv\anokiwave-gui\marvin_code\marvin_test01\marvin_test01\GTDIO.h(359,35): error C2146: syntax error: missing ')' before identifier 'nHandle'
C:\Users\chuqi.liu\Documents\GitHub\CRC2E-TestEnv\anokiwave-gui\marvin_code\marvin_test01\marvin_test01\GTDIO.h(400,39): error C2146: syntax error: missing ')' before identifier 'nHandle'
C:\Users\chuqi.liu\Documents\GitHub\CRC2E-TestEnv\anokiwave-gui\marvin_code\marvin_test01\marvin_test01\GTDIO.h(401,38): error C2146: syntax error: missing ')' before identifier 'nHandle'
C:\Users\chuqi.liu\Documents\GitHub\CRC2E-TestEnv\anokiwave-gui\marvin_code\marvin_test01\marvin_test01\GTDIO.h(402,45): error C2146: syntax error: missing ')' before identifier 'nHandle'
C:\Users\chuqi.liu\Documents\GitHub\CRC2E-TestEnv\anokiwave-gui\marvin_code\marvin_test01\marvin_test01\GTDIO.h(405,159): error C2061: syntax error: identifier 'SHORT'
C:\Users\chuqi.liu\Documents\GitHub\CRC2E-TestEnv\anokiwave-gui\marvin_code\marvin_test01\marvin_test01\GTDIO.h(406,199): error C2061: syntax error: identifier 'SHORT'
C:\Users\chuqi.liu\Documents\GitHub\CRC2E-TestEnv\anokiwave-gui\marvin_code\marvin_test01\marvin_test01\GTDIO.h(407,33): error C2146: syntax error: missing ')' before identifier 'nHandle'
C:\Users\chuqi.liu\Documents\GitHub\CRC2E-TestEnv\anokiwave-gui\marvin_code\marvin_test01\marvin_test01\GTDIO.h(408,32): error C2146: syntax error: missing ')' before identifier 'nHandle'
C:\Users\chuqi.liu\Documents\GitHub\CRC2E-TestEnv\anokiwave-gui\marvin_code\marvin_test01\marvin_test01\GTDIO.h(411,31): error C2146: syntax error: missing ')' before identifier 'nNumPins'
C:\Users\chuqi.liu\Documents\GitHub\CRC2E-TestEnv\anokiwave-gui\marvin_code\marvin_test01\marvin_test01\GTDIO.h(412,33): error C2146: syntax error: missing ')' before identifier 'nNumPins'
C:\Users\chuqi.liu\Documents\GitHub\CRC2E-TestEnv\anokiwave-gui\marvin_code\marvin_test01\marvin_test01\GTDIO.h(415,41): error C2146: syntax error: missing ')' before identifier 'nHandle'
C:\Users\chuqi.liu\Documents\GitHub\CRC2E-TestEnv\anokiwave-gui\marvin_code\marvin_test01\marvin_test01\GTDIO.h(416,36): error C2146: syntax error: missing ')' before identifier 'nMasterHandle'
C:\Users\chuqi.liu\Documents\GitHub\CRC2E-TestEnv\anokiwave-gui\marvin_code\marvin_test01\marvin_test01\GTDIO.h(417,37): error C2146: syntax error: missing ')' before identifier 'nMasterHandle'
C:\Users\chuqi.liu\Documents\GitHub\CRC2E-TestEnv\anokiwave-gui\marvin_code\marvin_test01\marvin_test01\GTDIO.h(423,46): error C2146: syntax error: missing ')' before identifier 'nHandle'
C:\Users\chuqi.liu\Documents\GitHub\CRC2E-TestEnv\anokiwave-gui\marvin_code\marvin_test01\marvin_test01\GTDIO.h(424,48): error C2146: syntax error: missing ')' before identifier 'nHandle'
C:\Users\chuqi.liu\Documents\GitHub\CRC2E-TestEnv\anokiwave-gui\marvin_code\marvin_test01\marvin_test01\GTDIO.h(424,55): fatal error C1003: error count exceeds 100; stopping compilation
  marvin_test01.cpp
C:\Users\chuqi.liu\Documents\GitHub\CRC2E-TestEnv\anokiwave-gui\marvin_code\marvin_test01\marvin_test01\marvin_test01.cpp(24,10): fatal error C1083: Cannot open include file: 'MarvinCommmand.h': No such file or directory
  Generating Code...
